{
    "method": "DT_VQVAE",
    "dataset": "mnist",
    "task": "classification",
    "encoder_model": "ToyNet",
    "decoder_model": "Classifier",
    "embd_dim": 64,
    "lr": 0.0001,
    "beta": 0.001,
    "bs": 64,
    "cuda": 0,
    "epochs": 100,
    "PSNR": true,
    "BER": 0.1,
    "seed": 2025,
    "log_freq": 100,
    "grad_clip": 50,
    "config_file_path": "./train_yaml/MNIST_DT_VQVAE.yaml",
    "sub_method": [
        ""
    ],
    "input_dim": 784,
    "output_dim": 10
}
2025-11-11 15:34:52,860 - INFO : ----------------- initial test -----------------
2025-11-11 15:34:54,447 - INFO : start:  rate: 64, distortion: 2.7797765731811523, test_IZY: -0.6884418725967407, ACC:0.11379999667406082
2025-11-11 15:34:54,452 - INFO : ----------------- train start... -----------------
2025-11-11 15:34:54,486 - INFO : epoch-batch: 1-0 iter loss: 2.668717622756958, train_IZY: -0.5255968570709229
2025-11-11 15:34:56,573 - INFO : epoch-batch: 1-100 iter loss: 0.9247322678565979, train_IZY: 1.9994584321975708
2025-11-11 15:34:58,732 - INFO : epoch-batch: 1-200 iter loss: 0.5236049890518188, train_IZY: 2.5854244232177734
2025-11-11 15:35:00,872 - INFO : epoch-batch: 1-300 iter loss: 0.3151107728481293, train_IZY: 2.8906688690185547
2025-11-11 15:35:02,972 - INFO : epoch-batch: 1-400 iter loss: 0.1658949851989746, train_IZY: 3.111356019973755
2025-11-11 15:35:05,056 - INFO : epoch-batch: 1-500 iter loss: 0.32430288195610046, train_IZY: 2.885791063308716
2025-11-11 15:35:07,147 - INFO : epoch-batch: 1-600 iter loss: 0.274509459733963, train_IZY: 2.962432861328125
2025-11-11 15:35:09,237 - INFO : epoch-batch: 1-700 iter loss: 0.33620503544807434, train_IZY: 2.8755087852478027
2025-11-11 15:35:11,355 - INFO : epoch-batch: 1-800 iter loss: 0.1812773197889328, train_IZY: 3.1057169437408447
2025-11-11 15:35:13,447 - INFO : epoch-batch: 1-900 iter loss: 0.16631639003753662, train_IZY: 3.126866340637207
2025-11-11 15:35:14,247 - INFO : epoch-batch: 1-938 iter loss: 0.16563180088996887, train_IZY: 3.133296251296997
2025-11-11 15:35:15,827 - INFO : epoch 1  rate: 64, distortion: 0.18373656272888184, test_IZY: 3.056852340698242, ACC:0.9467999935150146
2025-11-11 15:35:15,867 - INFO : epoch-batch: 2-0 iter loss: 0.21410402655601501, train_IZY: 3.0595920085906982
2025-11-11 15:35:17,969 - INFO : epoch-batch: 2-100 iter loss: 0.1328350007534027, train_IZY: 3.181401491165161
2025-11-11 15:35:20,108 - INFO : epoch-batch: 2-200 iter loss: 0.4625347852706909, train_IZY: 2.7073140144348145
2025-11-11 15:35:22,295 - INFO : epoch-batch: 2-300 iter loss: 0.22377130389213562, train_IZY: 3.059556484222412
2025-11-11 15:35:24,458 - INFO : epoch-batch: 2-400 iter loss: 0.10602044314146042, train_IZY: 3.2280771732330322
2025-11-11 15:35:26,605 - INFO : epoch-batch: 2-500 iter loss: 0.23465576767921448, train_IZY: 3.048745632171631
2025-11-11 15:35:28,782 - INFO : epoch-batch: 2-600 iter loss: 0.13030096888542175, train_IZY: 3.19956374168396
2025-11-11 15:35:30,990 - INFO : epoch-batch: 2-700 iter loss: 0.10346478223800659, train_IZY: 3.2546305656433105
2025-11-11 15:35:33,139 - INFO : epoch-batch: 2-800 iter loss: 0.2424246221780777, train_IZY: 3.045977830886841
2025-11-11 15:35:35,306 - INFO : epoch-batch: 2-900 iter loss: 0.43625468015670776, train_IZY: 2.769605875015259
2025-11-11 15:35:36,106 - INFO : epoch-batch: 2-938 iter loss: 0.14956340193748474, train_IZY: 3.1808741092681885
2025-11-11 15:35:37,785 - INFO : epoch 2  rate: 64, distortion: 0.11591124534606934, test_IZY: 3.1547036170959473, ACC:0.9625999927520752
2025-11-11 15:35:37,824 - INFO : epoch-batch: 3-0 iter loss: 0.21375666558742523, train_IZY: 3.0910587310791016
2025-11-11 15:35:39,988 - INFO : epoch-batch: 3-100 iter loss: 0.2417442947626114, train_IZY: 3.055696487426758
2025-11-11 15:35:42,133 - INFO : epoch-batch: 3-200 iter loss: 0.24443116784095764, train_IZY: 3.0542378425598145
2025-11-11 15:35:44,281 - INFO : epoch-batch: 3-300 iter loss: 0.39339959621429443, train_IZY: 2.840939998626709
2025-11-11 15:35:46,453 - INFO : epoch-batch: 3-400 iter loss: 0.18460388481616974, train_IZY: 3.14412522315979
2025-11-11 15:35:48,607 - INFO : epoch-batch: 3-500 iter loss: 0.09076479077339172, train_IZY: 3.2881040573120117
2025-11-11 15:35:50,760 - INFO : epoch-batch: 3-600 iter loss: 0.142998605966568, train_IZY: 3.2194952964782715
2025-11-11 15:35:52,964 - INFO : epoch-batch: 3-700 iter loss: 0.18424400687217712, train_IZY: 3.152855396270752
2025-11-11 15:35:55,126 - INFO : epoch-batch: 3-800 iter loss: 0.11831365525722504, train_IZY: 3.258121967315674
2025-11-11 15:35:57,275 - INFO : epoch-batch: 3-900 iter loss: 0.2307136356830597, train_IZY: 3.1002895832061768
2025-11-11 15:35:58,077 - INFO : epoch-batch: 3-938 iter loss: 0.138314351439476, train_IZY: 3.231926441192627
2025-11-11 15:35:59,756 - INFO : epoch 3  rate: 64, distortion: 0.1008305549621582, test_IZY: 3.1764605045318604, ACC:0.9710999727249146
2025-11-11 15:35:59,795 - INFO : epoch-batch: 4-0 iter loss: 0.09366147220134735, train_IZY: 3.297541379928589
2025-11-11 15:36:02,004 - INFO : epoch-batch: 4-100 iter loss: 0.17727960646152496, train_IZY: 3.180586576461792
2025-11-11 15:36:04,207 - INFO : epoch-batch: 4-200 iter loss: 0.10405778884887695, train_IZY: 3.2939069271087646
2025-11-11 15:36:06,364 - INFO : epoch-batch: 4-300 iter loss: 0.10025375336408615, train_IZY: 3.292757034301758
2025-11-11 15:36:08,529 - INFO : epoch-batch: 4-400 iter loss: 0.15799275040626526, train_IZY: 3.2142205238342285
2025-11-11 15:36:10,657 - INFO : epoch-batch: 4-500 iter loss: 0.23822195827960968, train_IZY: 3.1092915534973145
2025-11-11 15:36:12,819 - INFO : epoch-batch: 4-600 iter loss: 0.18330158293247223, train_IZY: 3.194668769836426
2025-11-11 15:36:14,954 - INFO : epoch-batch: 4-700 iter loss: 0.20877113938331604, train_IZY: 3.152803421020508
2025-11-11 15:36:17,108 - INFO : epoch-batch: 4-800 iter loss: 0.10558709502220154, train_IZY: 3.312422752380371
2025-11-11 15:36:19,250 - INFO : epoch-batch: 4-900 iter loss: 0.25284600257873535, train_IZY: 3.1013383865356445
2025-11-11 15:36:20,054 - INFO : epoch-batch: 4-938 iter loss: 0.12055794894695282, train_IZY: 3.293534517288208
2025-11-11 15:36:21,746 - INFO : epoch 4  rate: 64, distortion: 0.08502650260925293, test_IZY: 3.199260711669922, ACC:0.9761999845504761
2025-11-11 15:36:21,787 - INFO : epoch-batch: 5-0 iter loss: 0.13891392946243286, train_IZY: 3.2649550437927246
2025-11-11 15:36:23,945 - INFO : epoch-batch: 5-100 iter loss: 0.12080616503953934, train_IZY: 3.2976393699645996
2025-11-11 15:36:26,093 - INFO : epoch-batch: 5-200 iter loss: 0.11209346354007721, train_IZY: 3.3117384910583496
2025-11-11 15:36:28,232 - INFO : epoch-batch: 5-300 iter loss: 0.14045751094818115, train_IZY: 3.286696434020996
2025-11-11 15:36:30,391 - INFO : epoch-batch: 5-400 iter loss: 0.12163323163986206, train_IZY: 3.3069889545440674
2025-11-11 15:36:32,524 - INFO : epoch-batch: 5-500 iter loss: 0.13914921879768372, train_IZY: 3.28467059135437
2025-11-11 15:36:34,720 - INFO : epoch-batch: 5-600 iter loss: 0.12110036611557007, train_IZY: 3.3151018619537354
2025-11-11 15:36:36,869 - INFO : epoch-batch: 5-700 iter loss: 0.12310661375522614, train_IZY: 3.311872959136963
2025-11-11 15:36:39,023 - INFO : epoch-batch: 5-800 iter loss: 0.15079724788665771, train_IZY: 3.276489734649658
2025-11-11 15:36:41,185 - INFO : epoch-batch: 5-900 iter loss: 0.1397426426410675, train_IZY: 3.3087658882141113
2025-11-11 15:36:42,003 - INFO : epoch-batch: 5-938 iter loss: 0.1336883008480072, train_IZY: 3.3152902126312256
2025-11-11 15:36:43,685 - INFO : epoch 5  rate: 64, distortion: 0.08286309242248535, test_IZY: 3.2023818492889404, ACC:0.9754999876022339
2025-11-11 15:36:43,726 - INFO : epoch-batch: 6-0 iter loss: 0.12839336693286896, train_IZY: 3.3151774406433105
2025-11-11 15:36:45,881 - INFO : epoch-batch: 6-100 iter loss: 0.1510532796382904, train_IZY: 3.295565605163574
2025-11-11 15:36:48,016 - INFO : epoch-batch: 6-200 iter loss: 0.19303211569786072, train_IZY: 3.2299909591674805
2025-11-11 15:36:50,175 - INFO : epoch-batch: 6-300 iter loss: 0.14859531819820404, train_IZY: 3.2956244945526123
2025-11-11 15:36:52,308 - INFO : epoch-batch: 6-400 iter loss: 0.14037904143333435, train_IZY: 3.3170816898345947
2025-11-11 15:36:54,459 - INFO : epoch-batch: 6-500 iter loss: 0.14556363224983215, train_IZY: 3.3039486408233643
2025-11-11 15:36:56,596 - INFO : epoch-batch: 6-600 iter loss: 0.14284321665763855, train_IZY: 3.311377763748169
2025-11-11 15:36:58,756 - INFO : epoch-batch: 6-700 iter loss: 0.15295445919036865, train_IZY: 3.3110337257385254
2025-11-11 15:37:00,937 - INFO : epoch-batch: 6-800 iter loss: 0.16051334142684937, train_IZY: 3.310396432876587
2025-11-11 15:37:03,227 - INFO : epoch-batch: 6-900 iter loss: 0.1819784939289093, train_IZY: 3.2760322093963623
2025-11-11 15:37:04,053 - INFO : epoch-batch: 6-938 iter loss: 0.1609162986278534, train_IZY: 3.307033061981201
2025-11-11 15:37:05,773 - INFO : epoch 6  rate: 64, distortion: 0.07438802719116211, test_IZY: 3.214608907699585, ACC:0.9771999716758728
2025-11-11 15:37:05,815 - INFO : epoch-batch: 7-0 iter loss: 0.19362032413482666, train_IZY: 3.255283832550049
