{
    "method": "DT_VQVAE",
    "dataset": "mnist",
    "task": "classification",
    "encoder_model": "ToyNet",
    "decoder_model": "Classifier",
    "embd_dim": 64,
    "lr": 0.0001,
    "beta": 0.001,
    "bs": 64,
    "cuda": 0,
    "epochs": 100,
    "PSNR": true,
    "BER": 0.1,
    "seed": 2025,
    "log_freq": 100,
    "grad_clip": 50,
    "config_file_path": "./train_yaml/MNIST_DT_VQVAE.yaml",
    "sub_method": [
        ""
    ],
    "input_dim": 784,
    "output_dim": 10
}
2025-11-11 15:30:14,343 - INFO : ----------------- initial test -----------------
