{
    "method": "DT_Gumbel",
    "dataset": "mnist",
    "task": "classification",
    "encoder_model": "ToyNet",
    "decoder_model": "Classifier",
    "embd_dim": 64,
    "lr": 0.0001,
    "beta": 0.001,
    "bs": 64,
    "cuda": 1,
    "epochs": 300,
    "PSNR": true,
    "BER": 0.1,
    "seed": 2024,
    "log_freq": 100,
    "grad_clip": 50,
    "config_file_path": "./train_yaml/MNIST_DT_Gumbel.yaml",
    "sub_method": [
        ""
    ],
    "input_dim": 784,
    "output_dim": 10
}
2025-11-11 15:27:51,403 - INFO : ----------------- initial test -----------------
2025-11-11 15:27:53,148 - INFO : start:  rate: 64, distortion: 3.1037983894348145, test_IZY: -1.1559062004089355, ACC:0.09220000356435776
2025-11-11 15:27:53,153 - INFO : ----------------- train start... -----------------
2025-11-11 15:27:53,188 - INFO : epoch-batch: 1-0 iter loss: 3.033640146255493, train_IZY: -1.0546894073486328
2025-11-11 15:27:55,429 - INFO : epoch-batch: 1-100 iter loss: 1.9459589719772339, train_IZY: 0.514502763748169
2025-11-11 15:27:57,625 - INFO : epoch-batch: 1-200 iter loss: 1.4349619150161743, train_IZY: 1.2517156600952148
2025-11-11 15:27:59,832 - INFO : epoch-batch: 1-300 iter loss: 1.1870743036270142, train_IZY: 1.6093419790267944
2025-11-11 15:28:02,099 - INFO : epoch-batch: 1-400 iter loss: 1.009345531463623, train_IZY: 1.8657503128051758
2025-11-11 15:28:04,424 - INFO : epoch-batch: 1-500 iter loss: 0.7475377321243286, train_IZY: 2.2434592247009277
2025-11-11 15:28:06,651 - INFO : epoch-batch: 1-600 iter loss: 0.5576421618461609, train_IZY: 2.517420530319214
2025-11-11 15:28:08,937 - INFO : epoch-batch: 1-700 iter loss: 0.3490303158760071, train_IZY: 2.8183839321136475
2025-11-11 15:28:11,151 - INFO : epoch-batch: 1-800 iter loss: 0.32477158308029175, train_IZY: 2.853381633758545
2025-11-11 15:28:13,360 - INFO : epoch-batch: 1-900 iter loss: 0.38390490412712097, train_IZY: 2.7680704593658447
2025-11-11 15:28:14,180 - INFO : epoch-batch: 1-938 iter loss: 0.5369547605514526, train_IZY: 2.5472662448883057
2025-11-11 15:28:15,927 - INFO : epoch 1  rate: 64, distortion: 0.25748157501220703, test_IZY: 2.95046067237854, ACC:0.9318000078201294
2025-11-11 15:28:15,967 - INFO : epoch-batch: 2-0 iter loss: 0.2930957078933716, train_IZY: 2.899080514907837
2025-11-11 15:28:18,181 - INFO : epoch-batch: 2-100 iter loss: 0.3831818401813507, train_IZY: 2.769113540649414
2025-11-11 15:28:20,385 - INFO : epoch-batch: 2-200 iter loss: 0.16281332075595856, train_IZY: 3.087038040161133
2025-11-11 15:28:22,578 - INFO : epoch-batch: 2-300 iter loss: 0.21446873247623444, train_IZY: 3.012515068054199
2025-11-11 15:28:24,784 - INFO : epoch-batch: 2-400 iter loss: 0.21620288491249084, train_IZY: 3.0100131034851074
2025-11-11 15:28:27,004 - INFO : epoch-batch: 2-500 iter loss: 0.2188684344291687, train_IZY: 3.0061676502227783
2025-11-11 15:28:29,214 - INFO : epoch-batch: 2-600 iter loss: 0.11126846820116043, train_IZY: 3.1614015102386475
2025-11-11 15:28:31,418 - INFO : epoch-batch: 2-700 iter loss: 0.2668258845806122, train_IZY: 2.9369797706604004
2025-11-11 15:28:33,713 - INFO : epoch-batch: 2-800 iter loss: 0.31185775995254517, train_IZY: 2.8720126152038574
2025-11-11 15:28:35,969 - INFO : epoch-batch: 2-900 iter loss: 0.2414884716272354, train_IZY: 2.973533868789673
2025-11-11 15:28:36,844 - INFO : epoch-batch: 2-938 iter loss: 0.24617253243923187, train_IZY: 2.9667763710021973
2025-11-11 15:28:38,677 - INFO : epoch 2  rate: 64, distortion: 0.1594104766845703, test_IZY: 3.091947317123413, ACC:0.9596999883651733
2025-11-11 15:28:38,719 - INFO : epoch-batch: 3-0 iter loss: 0.1305813193321228, train_IZY: 3.1335389614105225
2025-11-11 15:28:41,010 - INFO : epoch-batch: 3-100 iter loss: 0.18933573365211487, train_IZY: 3.048774242401123
2025-11-11 15:28:43,280 - INFO : epoch-batch: 3-200 iter loss: 0.4633846580982208, train_IZY: 2.6534054279327393
2025-11-11 15:28:45,547 - INFO : epoch-batch: 3-300 iter loss: 0.2068394273519516, train_IZY: 3.023522138595581
2025-11-11 15:28:47,802 - INFO : epoch-batch: 3-400 iter loss: 0.21541574597358704, train_IZY: 3.0111489295959473
2025-11-11 15:28:50,083 - INFO : epoch-batch: 3-500 iter loss: 0.3366767466068268, train_IZY: 2.8362061977386475
2025-11-11 15:28:52,338 - INFO : epoch-batch: 3-600 iter loss: 0.10800008475780487, train_IZY: 3.166116952896118
2025-11-11 15:28:54,603 - INFO : epoch-batch: 3-700 iter loss: 0.07076356559991837, train_IZY: 3.2198379039764404
2025-11-11 15:28:56,851 - INFO : epoch-batch: 3-800 iter loss: 0.08338823169469833, train_IZY: 3.2016241550445557
2025-11-11 15:28:59,125 - INFO : epoch-batch: 3-900 iter loss: 0.11835569888353348, train_IZY: 3.151176929473877
2025-11-11 15:28:59,973 - INFO : epoch-batch: 3-938 iter loss: 0.25165796279907227, train_IZY: 2.958862543106079
2025-11-11 15:29:01,854 - INFO : epoch 3  rate: 64, distortion: 0.13135051727294922, test_IZY: 3.132429361343384, ACC:0.9667999744415283
2025-11-11 15:29:01,901 - INFO : epoch-batch: 4-0 iter loss: 0.21681196987628937, train_IZY: 3.0091347694396973
2025-11-11 15:29:04,176 - INFO : epoch-batch: 4-100 iter loss: 0.09076303988695145, train_IZY: 3.1909847259521484
2025-11-11 15:29:06,477 - INFO : epoch-batch: 4-200 iter loss: 0.17171229422092438, train_IZY: 3.0741994380950928
2025-11-11 15:29:08,722 - INFO : epoch-batch: 4-300 iter loss: 0.0475342683494091, train_IZY: 3.2533507347106934
2025-11-11 15:29:10,995 - INFO : epoch-batch: 4-400 iter loss: 0.18269939720630646, train_IZY: 3.0583486557006836
2025-11-11 15:29:13,259 - INFO : epoch-batch: 4-500 iter loss: 0.026797844097018242, train_IZY: 3.283267021179199
2025-11-11 15:29:15,517 - INFO : epoch-batch: 4-600 iter loss: 0.14448554813861847, train_IZY: 3.1134796142578125
2025-11-11 15:29:17,765 - INFO : epoch-batch: 4-700 iter loss: 0.08588867634534836, train_IZY: 3.198017120361328
2025-11-11 15:29:20,035 - INFO : epoch-batch: 4-800 iter loss: 0.1373990774154663, train_IZY: 3.1237030029296875
2025-11-11 15:29:22,316 - INFO : epoch-batch: 4-900 iter loss: 0.02204233407974243, train_IZY: 3.290127754211426
2025-11-11 15:29:23,163 - INFO : epoch-batch: 4-938 iter loss: 0.17795422673225403, train_IZY: 3.065194606781006
2025-11-11 15:29:25,003 - INFO : epoch 4  rate: 64, distortion: 0.10979390144348145, test_IZY: 3.1635289192199707, ACC:0.97079998254776
2025-11-11 15:29:25,046 - INFO : epoch-batch: 5-0 iter loss: 0.14582279324531555, train_IZY: 3.1115503311157227
2025-11-11 15:29:27,425 - INFO : epoch-batch: 5-100 iter loss: 0.11716736108064651, train_IZY: 3.152891159057617
2025-11-11 15:29:29,766 - INFO : epoch-batch: 5-200 iter loss: 0.030194589868187904, train_IZY: 3.2783665657043457
2025-11-11 15:29:32,186 - INFO : epoch-batch: 5-300 iter loss: 0.011766214855015278, train_IZY: 3.304953098297119
