{
    "method": "DeepJSCC",
    "dataset": "mnist",
    "task": "classification",
    "encoder_model": "ToyNet",
    "decoder_model": "Classifier",
    "embd_dim": 64,
    "lr": 0.0001,
    "beta": 0.001,
    "bs": 64,
    "cuda": 1,
    "epochs": 300,
    "PSNR": false,
    "BER": 0.1,
    "seed": 2025,
    "log_freq": 100,
    "grad_clip": 50,
    "config_file_path": "./train_yaml/MNIST_IBSC.yaml",
    "sub_method": "IB,SC",
    "input_dim": 784,
    "output_dim": 10
}
2025-11-11 15:53:33,375 - INFO : ----------------- initial test -----------------
2025-11-11 15:53:37,419 - INFO : start:  test_IXZ: 349.6412353515625, test_IZY: -1.2681037187576294, distortion: 3.181567668914795, ACC:0.09309999644756317
2025-11-11 15:53:38,916 - INFO : ----------------- train start... -----------------
2025-11-11 15:53:38,994 - INFO : epoch-batch: 1-0 iter loss: 1.4736953973770142, train_IXZ: 348.1536560058594, train_IZY: -1.7779394388198853
2025-11-11 15:53:43,464 - INFO : epoch-batch: 1-100 iter loss: -1.8205007314682007, train_IXZ: 324.6810607910156, train_IZY: 2.951108455657959
2025-11-11 15:53:47,957 - INFO : epoch-batch: 1-200 iter loss: -1.8459339141845703, train_IXZ: 254.4318084716797, train_IZY: 2.9175515174865723
2025-11-11 15:53:52,423 - INFO : epoch-batch: 1-300 iter loss: -1.9828447103500366, train_IXZ: 189.6107635498047, train_IZY: 3.050251007080078
2025-11-11 15:53:56,791 - INFO : epoch-batch: 1-400 iter loss: -2.0079550743103027, train_IXZ: 151.3150177001953, train_IZY: 3.0481820106506348
2025-11-11 15:54:01,131 - INFO : epoch-batch: 1-500 iter loss: -2.023815631866455, train_IXZ: 135.43966674804688, train_IZY: 3.0551886558532715
2025-11-11 15:54:05,434 - INFO : epoch-batch: 1-600 iter loss: -2.0656678676605225, train_IXZ: 133.89498901367188, train_IZY: 3.1140239238739014
2025-11-11 15:54:09,700 - INFO : epoch-batch: 1-700 iter loss: -2.047475814819336, train_IXZ: 127.16801452636719, train_IZY: 3.0810513496398926
