{
    "method": "DeepJSCC",
    "dataset": "mnist",
    "task": "classification",
    "encoder_model": "ToyNet",
    "decoder_model": "LinearModel",
    "embd_dim": 24,
    "lr": 0.0001,
    "beta": 0.001,
    "bs": 64,
    "cuda": 0,
    "epochs": 100,
    "PSNR": false,
    "BER": 0.1,
    "seed": 2025,
    "log_freq": 100,
    "grad_clip": 50,
    "config_file_path": "./train_yaml/MNIST_IBJSCC.yaml",
    "sub_method": "IB",
    "input_dim": 784,
    "output_dim": 10
}
2025-11-11 15:37:37,826 - INFO : ----------------- initial test -----------------
2025-11-11 15:37:41,163 - INFO : start:  test_IXZ: 132.92379760742188, test_IZY: -1.4739673137664795, distortion: 3.324261426925659, ACC:0.08340000361204147
2025-11-11 15:37:41,286 - INFO : ----------------- train start... -----------------
2025-11-11 15:37:41,345 - INFO : epoch-batch: 1-0 iter loss: 0.8623614311218262, train_IXZ: 132.30313110351562, train_IZY: -1.1118214130401611
2025-11-11 15:37:45,127 - INFO : epoch-batch: 1-100 iter loss: -1.5593135356903076, train_IXZ: 132.56997680664062, train_IZY: 2.382183790206909
2025-11-11 15:37:48,837 - INFO : epoch-batch: 1-200 iter loss: -1.5669246912002563, train_IXZ: 120.45235443115234, train_IZY: 2.381046772003174
2025-11-11 15:37:52,522 - INFO : epoch-batch: 1-300 iter loss: -1.872433066368103, train_IXZ: 111.205810546875, train_IZY: 2.8125557899475098
2025-11-11 15:37:56,215 - INFO : epoch-batch: 1-400 iter loss: -1.941887378692627, train_IXZ: 99.27875518798828, train_IZY: 2.900830030441284
2025-11-11 15:37:59,918 - INFO : epoch-batch: 1-500 iter loss: -1.9103569984436035, train_IXZ: 92.05510711669922, train_IZY: 2.8481175899505615
2025-11-11 15:38:03,603 - INFO : epoch-batch: 1-600 iter loss: -1.7782366275787354, train_IXZ: 87.3535385131836, train_IZY: 2.6528067588806152
2025-11-11 15:38:07,429 - INFO : epoch-batch: 1-700 iter loss: -1.9818181991577148, train_IXZ: 80.31524658203125, train_IZY: 2.939474582672119
2025-11-11 15:38:11,252 - INFO : epoch-batch: 1-800 iter loss: -2.098037004470825, train_IXZ: 77.62276458740234, train_IZY: 3.104450225830078
2025-11-11 15:38:15,043 - INFO : epoch-batch: 1-900 iter loss: -1.9659743309020996, train_IXZ: 76.15145874023438, train_IZY: 2.9124529361724854
2025-11-11 15:38:16,476 - INFO : epoch-batch: 1-938 iter loss: -1.945865511894226, train_IXZ: 77.5929946899414, train_IZY: 2.8848836421966553
2025-11-11 15:38:19,822 - INFO : epoch 1  test_IXZ: 77.3687744140625, test_IZY: 2.9872024059295654, distortion: 0.23201417922973633, ACC:0.9430999755859375
2025-11-11 15:38:20,004 - INFO : epoch-batch: 2-0 iter loss: -2.0848186016082764, train_IXZ: 76.69600677490234, train_IZY: 3.0844533443450928
2025-11-11 15:38:23,882 - INFO : epoch-batch: 2-100 iter loss: -2.0673165321350098, train_IXZ: 75.97942352294922, train_IZY: 3.0584869384765625
2025-11-11 15:38:27,666 - INFO : epoch-batch: 2-200 iter loss: -1.9816651344299316, train_IXZ: 72.32621765136719, train_IZY: 2.931264638900757
2025-11-11 15:38:31,442 - INFO : epoch-batch: 2-300 iter loss: -2.0035605430603027, train_IXZ: 68.5216064453125, train_IZY: 2.9590485095977783
2025-11-11 15:38:35,280 - INFO : epoch-batch: 2-400 iter loss: -2.01460337638855, train_IXZ: 71.50665283203125, train_IZY: 2.9779648780822754
