{
    "method": "DeepJSCC",
    "dataset": "mnist",
    "task": "classification",
    "encoder_model": "ToyNet",
    "decoder_model": "Classifier",
    "embd_dim": 64,
    "lr": 0.0001,
    "beta": 0.001,
    "bs": 64,
    "cuda": 1,
    "epochs": 300,
    "PSNR": false,
    "BER": 0.1,
    "seed": 2025,
    "log_freq": 100,
    "grad_clip": 50,
    "config_file_path": "./train_yaml/MNIST_IBSC.yaml",
    "sub_method": "IB,SC",
    "input_dim": 784,
    "output_dim": 10
}
2025-11-11 15:23:36,395 - INFO : ----------------- initial test -----------------
